{"D:\\MyProjects\\short_url\\src\\server.ts": {"path":"D:\\MyProjects\\short_url\\src\\server.ts","statementMap":{"0":{"start":{"line":1,"column":0},"end":{"line":1,"column":30}},"1":{"start":{"line":2,"column":0},"end":{"line":2,"column":30}},"2":{"start":{"line":3,"column":0},"end":{"line":3,"column":37}},"3":{"start":{"line":4,"column":0},"end":{"line":4,"column":48}},"4":{"start":{"line":5,"column":0},"end":{"line":5,"column":24}},"5":{"start":{"line":6,"column":0},"end":{"line":6,"column":27}},"6":{"start":{"line":9,"column":23},"end":{"line":9,"column":42}},"7":{"start":{"line":11,"column":12},"end":{"line":11,"column":21}},"8":{"start":{"line":13,"column":0},"end":{"line":15,"column":4}},"9":{"start":{"line":17,"column":0},"end":{"line":17,"column":24}},"10":{"start":{"line":18,"column":0},"end":{"line":18,"column":46}},"11":{"start":{"line":19,"column":0},"end":{"line":19,"column":17}},"12":{"start":{"line":20,"column":0},"end":{"line":20,"column":22}},"13":{"start":{"line":22,"column":0},"end":{"line":22,"column":69}},"14":{"start":{"line":22,"column":23},"end":{"line":22,"column":67}}},"fnMap":{"0":{"name":"(anonymous_1)","decl":{"start":{"line":22,"column":17},"end":{"line":22,"column":20}},"loc":{"start":{"line":22,"column":23},"end":{"line":22,"column":67}}}},"branchMap":{},"s":{"0":0,"1":0,"2":0,"3":0,"4":0,"5":0,"6":0,"7":0,"8":0,"9":0,"10":0,"11":0,"12":0,"13":0,"14":0},"f":{"0":0},"b":{}}
,"D:\\MyProjects\\short_url\\src\\app\\controllers\\ShortUrlController.ts": {"path":"D:\\MyProjects\\short_url\\src\\app\\controllers\\ShortUrlController.ts","statementMap":{"0":{"start":{"line":1,"column":0},"end":{"line":1,"column":40}},"1":{"start":{"line":2,"column":0},"end":{"line":2,"column":58}},"2":{"start":{"line":5,"column":0},"end":{"line":5,"column":50}},"3":{"start":{"line":10,"column":27},"end":{"line":10,"column":76}},"4":{"start":{"line":12,"column":8},"end":{"line":12,"column":95}},"5":{"start":{"line":12,"column":34},"end":{"line":12,"column":95}},"6":{"start":{"line":14,"column":8},"end":{"line":14,"column":33}},"7":{"start":{"line":19,"column":31},"end":{"line":19,"column":50}},"8":{"start":{"line":20,"column":8},"end":{"line":34,"column":null}},"9":{"start":{"line":22,"column":25},"end":{"line":22,"column":52}},"10":{"start":{"line":24,"column":35},"end":{"line":28,"column":14}},"11":{"start":{"line":29,"column":12},"end":{"line":29,"column":34}},"12":{"start":{"line":31,"column":12},"end":{"line":31,"column":70}},"13":{"start":{"line":33,"column":12},"end":{"line":33,"column":64}},"14":{"start":{"line":38,"column":0},"end":{"line":38,"column":38}}},"fnMap":{"0":{"name":"(anonymous_1)","decl":{"start":{"line":8,"column":4},"end":{"line":8,"column":9}},"loc":{"start":{"line":8,"column":52},"end":{"line":16,"column":5}}},"1":{"name":"(anonymous_2)","decl":{"start":{"line":18,"column":4},"end":{"line":18,"column":9}},"loc":{"start":{"line":18,"column":52},"end":{"line":35,"column":5}}}},"branchMap":{"0":{"loc":{"start":{"line":12,"column":8},"end":{"line":12,"column":95}},"type":"if","locations":[{"start":{"line":12,"column":8},"end":{"line":12,"column":95}},{"start":{"line":12,"column":8},"end":{"line":12,"column":95}}]}},"s":{"0":0,"1":0,"2":0,"3":0,"4":0,"5":0,"6":0,"7":0,"8":0,"9":0,"10":0,"11":0,"12":0,"13":0,"14":0},"f":{"0":0,"1":0},"b":{"0":[0,0]}}
,"D:\\MyProjects\\short_url\\src\\app\\errors\\handler.ts": {"path":"D:\\MyProjects\\short_url\\src\\app\\errors\\handler.ts","statementMap":{"0":{"start":{"line":2,"column":0},"end":{"line":2,"column":38}},"1":{"start":{"line":8,"column":42},"end":{"line":21,"column":1}},"2":{"start":{"line":10,"column":2},"end":{"line":18,"column":null}},"3":{"start":{"line":11,"column":35},"end":{"line":11,"column":37}},"4":{"start":{"line":13,"column":4},"end":{"line":15,"column":7}},"5":{"start":{"line":14,"column":6},"end":{"line":14,"column":50}},"6":{"start":{"line":14,"column":20},"end":{"line":14,"column":50}},"7":{"start":{"line":17,"column":4},"end":{"line":17,"column":null}},"8":{"start":{"line":20,"column":2},"end":{"line":20,"column":72}},"9":{"start":{"line":23,"column":0},"end":{"line":23,"column":28}}},"fnMap":{"0":{"name":"(anonymous_0)","decl":{"start":{"line":8,"column":42},"end":{"line":8,"column":43}},"loc":{"start":{"line":8,"column":68},"end":{"line":21,"column":1}}},"1":{"name":"(anonymous_1)","decl":{"start":{"line":13,"column":24},"end":{"line":13,"column":27}},"loc":{"start":{"line":13,"column":30},"end":{"line":15,"column":5}}}},"branchMap":{"0":{"loc":{"start":{"line":10,"column":2},"end":{"line":18,"column":null}},"type":"if","locations":[{"start":{"line":10,"column":2},"end":{"line":18,"column":null}},{"start":{"line":10,"column":2},"end":{"line":18,"column":null}}]},"1":{"loc":{"start":{"line":14,"column":6},"end":{"line":14,"column":50}},"type":"if","locations":[{"start":{"line":14,"column":6},"end":{"line":14,"column":50}},{"start":{"line":14,"column":6},"end":{"line":14,"column":50}}]}},"s":{"0":0,"1":0,"2":0,"3":0,"4":0,"5":0,"6":0,"7":0,"8":0,"9":0},"f":{"0":0,"1":0},"b":{"0":[0,0],"1":[0,0]}}
,"D:\\MyProjects\\short_url\\src\\app\\models\\ShortUrl.ts": {"path":"D:\\MyProjects\\short_url\\src\\app\\models\\ShortUrl.ts","statementMap":{"0":{"start":{"line":1,"column":0},"end":{"line":1,"column":null}},"1":{"start":{"line":13,"column":0},"end":{"line":44,"column":null}},"2":{"start":{"line":37,"column":25},"end":{"line":37,"column":62}},"3":{"start":{"line":38,"column":8},"end":{"line":42,"column":null}},"4":{"start":{"line":16,"column":4},"end":{"line":16,"column":null}},"5":{"start":{"line":19,"column":4},"end":{"line":19,"column":null}},"6":{"start":{"line":22,"column":4},"end":{"line":22,"column":null}},"7":{"start":{"line":25,"column":4},"end":{"line":25,"column":null}},"8":{"start":{"line":28,"column":4},"end":{"line":28,"column":null}},"9":{"start":{"line":31,"column":4},"end":{"line":31,"column":null}},"10":{"start":{"line":34,"column":4},"end":{"line":34,"column":null}},"11":{"start":{"line":13,"column":21},"end":{"line":44,"column":null}},"12":{"start":{"line":13,"column":21},"end":{"line":13,"column":30}}},"fnMap":{"0":{"name":"(anonymous_2)","decl":{"start":{"line":36,"column":11},"end":{"line":36,"column":17}},"loc":{"start":{"line":36,"column":50},"end":{"line":43,"column":5}}}},"branchMap":{},"s":{"0":2,"1":2,"2":1,"3":1,"4":2,"5":2,"6":2,"7":2,"8":2,"9":2,"10":2,"11":2,"12":2},"f":{"0":1},"b":{}}
,"D:\\MyProjects\\short_url\\src\\app\\utils\\gerateRandom.ts": {"path":"D:\\MyProjects\\short_url\\src\\app\\utils\\gerateRandom.ts","statementMap":{"0":{"start":{"line":1,"column":0},"end":{"line":1,"column":40}},"1":{"start":{"line":4,"column":4},"end":{"line":4,"column":61}},"2":{"start":{"line":3,"column":0},"end":{"line":3,"column":16}},"3":{"start":{"line":8,"column":4},"end":{"line":8,"column":null}},"4":{"start":{"line":7,"column":0},"end":{"line":7,"column":16}},"5":{"start":{"line":12,"column":17},"end":{"line":12,"column":30}},"6":{"start":{"line":13,"column":23},"end":{"line":13,"column":57}},"7":{"start":{"line":15,"column":4},"end":{"line":17,"column":null}},"8":{"start":{"line":16,"column":8},"end":{"line":16,"column":null}},"9":{"start":{"line":19,"column":4},"end":{"line":19,"column":16}},"10":{"start":{"line":11,"column":0},"end":{"line":11,"column":7}}},"fnMap":{"0":{"name":"getRandomInt","decl":{"start":{"line":3,"column":16},"end":{"line":3,"column":28}},"loc":{"start":{"line":3,"column":53},"end":{"line":5,"column":1}}},"1":{"name":"gerateShort","decl":{"start":{"line":7,"column":16},"end":{"line":7,"column":27}},"loc":{"start":{"line":7,"column":27},"end":{"line":9,"column":1}}},"2":{"name":"gerateShortURLValid","decl":{"start":{"line":11,"column":22},"end":{"line":11,"column":41}},"loc":{"start":{"line":11,"column":41},"end":{"line":20,"column":1}}}},"branchMap":{"0":{"loc":{"start":{"line":15,"column":4},"end":{"line":17,"column":null}},"type":"if","locations":[{"start":{"line":15,"column":4},"end":{"line":17,"column":null}},{"start":{"line":15,"column":4},"end":{"line":17,"column":null}}]}},"s":{"0":2,"1":3,"2":2,"3":2,"4":2,"5":1,"6":1,"7":0,"8":0,"9":0,"10":2},"f":{"0":3,"1":2,"2":1},"b":{"0":[0,0]}}
,"D:\\MyProjects\\short_url\\src\\app\\validators\\shortUrl.ts": {"path":"D:\\MyProjects\\short_url\\src\\app\\validators\\shortUrl.ts","statementMap":{"0":{"start":{"line":2,"column":0},"end":{"line":2,"column":27}},"1":{"start":{"line":5,"column":19},"end":{"line":7,"column":6}},"2":{"start":{"line":9,"column":4},"end":{"line":11,"column":7}},"3":{"start":{"line":13,"column":4},"end":{"line":13,"column":11}},"4":{"start":{"line":4,"column":0},"end":{"line":4,"column":7}},"5":{"start":{"line":17,"column":19},"end":{"line":19,"column":6}},"6":{"start":{"line":21,"column":4},"end":{"line":23,"column":7}},"7":{"start":{"line":25,"column":4},"end":{"line":25,"column":11}},"8":{"start":{"line":16,"column":0},"end":{"line":16,"column":7}}},"fnMap":{"0":{"name":"validStore","decl":{"start":{"line":4,"column":22},"end":{"line":4,"column":32}},"loc":{"start":{"line":4,"column":90},"end":{"line":14,"column":1}}},"1":{"name":"validCode","decl":{"start":{"line":16,"column":22},"end":{"line":16,"column":31}},"loc":{"start":{"line":16,"column":89},"end":{"line":26,"column":1}}}},"branchMap":{},"s":{"0":0,"1":0,"2":0,"3":0,"4":0,"5":0,"6":0,"7":0,"8":0},"f":{"0":0,"1":0},"b":{}}
,"D:\\MyProjects\\short_url\\src\\interfaces\\IEnv.d.ts": {"path":"D:\\MyProjects\\short_url\\src\\interfaces\\IEnv.d.ts","statementMap":{},"fnMap":{},"branchMap":{},"s":{},"f":{},"b":{},"inputSourceMap":null}
,"D:\\MyProjects\\short_url\\src\\routers\\index.ts": {"path":"D:\\MyProjects\\short_url\\src\\routers\\index.ts","statementMap":{"0":{"start":{"line":1,"column":0},"end":{"line":1,"column":32}},"1":{"start":{"line":2,"column":0},"end":{"line":2,"column":65}},"2":{"start":{"line":3,"column":0},"end":{"line":3,"column":50}},"3":{"start":{"line":5,"column":16},"end":{"line":5,"column":24}},"4":{"start":{"line":7,"column":0},"end":{"line":9,"column":3}},"5":{"start":{"line":8,"column":4},"end":{"line":8,"column":null}},"6":{"start":{"line":11,"column":0},"end":{"line":11,"column":null}},"7":{"start":{"line":12,"column":0},"end":{"line":12,"column":null}},"8":{"start":{"line":14,"column":0},"end":{"line":14,"column":23}}},"fnMap":{"0":{"name":"(anonymous_1)","decl":{"start":{"line":7,"column":17},"end":{"line":7,"column":18}},"loc":{"start":{"line":7,"column":39},"end":{"line":9,"column":1}}}},"branchMap":{},"s":{"0":0,"1":0,"2":0,"3":0,"4":0,"5":0,"6":0,"7":0,"8":0},"f":{"0":0},"b":{}}
,"D:\\MyProjects\\short_url\\src\\views\\short_url.ts": {"path":"D:\\MyProjects\\short_url\\src\\views\\short_url.ts","statementMap":{"0":{"start":{"line":4,"column":4},"end":{"line":6,"column":null}},"1":{"start":{"line":3,"column":0},"end":{"line":3,"column":16}}},"fnMap":{"0":{"name":"renderShortUrl","decl":{"start":{"line":3,"column":16},"end":{"line":3,"column":30}},"loc":{"start":{"line":3,"column":49},"end":{"line":7,"column":1}}}},"branchMap":{},"s":{"0":0,"1":0},"f":{"0":0},"b":{}}
}
