TN:
SF:src\server.ts
FN:22,(anonymous_1)
FNF:1
FNH:0
FNDA:0,(anonymous_1)
DA:1,0
DA:2,0
DA:3,0
DA:4,0
DA:5,0
DA:6,0
DA:9,0
DA:11,0
DA:13,0
DA:17,0
DA:18,0
DA:19,0
DA:20,0
DA:22,0
LF:14
LH:0
BRF:0
BRH:0
end_of_record
TN:
SF:src\app\controllers\ShortUrlController.ts
FN:8,(anonymous_1)
FN:18,(anonymous_2)
FNF:2
FNH:0
FNDA:0,(anonymous_1)
FNDA:0,(anonymous_2)
DA:1,0
DA:2,0
DA:5,0
DA:10,0
DA:12,0
DA:14,0
DA:19,0
DA:20,0
DA:22,0
DA:24,0
DA:29,0
DA:31,0
DA:33,0
DA:38,0
LF:14
LH:0
BRDA:12,0,0,0
BRDA:12,0,1,0
BRF:2
BRH:0
end_of_record
TN:
SF:src\app\errors\handler.ts
FN:8,(anonymous_0)
FN:13,(anonymous_1)
FNF:2
FNH:0
FNDA:0,(anonymous_0)
FNDA:0,(anonymous_1)
DA:2,0
DA:8,0
DA:10,0
DA:11,0
DA:13,0
DA:14,0
DA:17,0
DA:20,0
DA:23,0
LF:9
LH:0
BRDA:10,0,0,0
BRDA:10,0,1,0
BRDA:14,1,0,0
BRDA:14,1,1,0
BRF:4
BRH:0
end_of_record
TN:
SF:src\app\models\ShortUrl.ts
FN:36,(anonymous_2)
FNF:1
FNH:1
FNDA:1,(anonymous_2)
DA:1,2
DA:13,2
DA:16,2
DA:19,2
DA:22,2
DA:25,2
DA:28,2
DA:31,2
DA:34,2
DA:37,1
DA:38,1
LF:11
LH:11
BRF:0
BRH:0
end_of_record
TN:
SF:src\app\utils\gerateRandom.ts
FN:3,getRandomInt
FN:7,gerateShort
FN:11,gerateShortURLValid
FNF:3
FNH:3
FNDA:3,getRandomInt
FNDA:2,gerateShort
FNDA:1,gerateShortURLValid
DA:1,2
DA:3,2
DA:4,3
DA:7,2
DA:8,2
DA:11,2
DA:12,1
DA:13,1
DA:15,0
DA:16,0
DA:19,0
LF:11
LH:8
BRDA:15,0,0,0
BRDA:15,0,1,0
BRF:2
BRH:0
end_of_record
TN:
SF:src\app\validators\shortUrl.ts
FN:4,validStore
FN:16,validCode
FNF:2
FNH:0
FNDA:0,validStore
FNDA:0,validCode
DA:2,0
DA:4,0
DA:5,0
DA:9,0
DA:13,0
DA:16,0
DA:17,0
DA:21,0
DA:25,0
LF:9
LH:0
BRF:0
BRH:0
end_of_record
TN:
SF:src\interfaces\IEnv.d.ts
FNF:0
FNH:0
LF:0
LH:0
BRF:0
BRH:0
end_of_record
TN:
SF:src\routers\index.ts
FN:7,(anonymous_1)
FNF:1
FNH:0
FNDA:0,(anonymous_1)
DA:1,0
DA:2,0
DA:3,0
DA:5,0
DA:7,0
DA:8,0
DA:11,0
DA:12,0
DA:14,0
LF:9
LH:0
BRF:0
BRH:0
end_of_record
TN:
SF:src\views\short_url.ts
FN:3,renderShortUrl
FNF:1
FNH:0
FNDA:0,renderShortUrl
DA:3,0
DA:4,0
LF:2
LH:0
BRF:0
BRH:0
end_of_record
